d:\university\temp projects\gameengine-dx11.1-version2\engine\debug\vc140.pdb
d:\university\temp projects\gameengine-dx11.1-version2\engine\debug\vc140.idb
d:\university\temp projects\gameengine-dx11.1-version2\engine\debug\horizontalblurshader.obj
d:\university\temp projects\gameengine-dx11.1-version2\engine\debug\hud.obj
d:\university\temp projects\gameengine-dx11.1-version2\engine\debug\input.obj
d:\university\temp projects\gameengine-dx11.1-version2\engine\debug\light.obj
d:\university\temp projects\gameengine-dx11.1-version2\engine\debug\lightshader.obj
d:\university\temp projects\gameengine-dx11.1-version2\engine\debug\main.obj
d:\university\temp projects\gameengine-dx11.1-version2\engine\debug\model.obj
d:\university\temp projects\gameengine-dx11.1-version2\engine\debug\movement.obj
d:\university\temp projects\gameengine-dx11.1-version2\engine\debug\playercontroller.obj
d:\university\temp projects\gameengine-dx11.1-version2\engine\debug\rendertexture.obj
d:\university\temp projects\gameengine-dx11.1-version2\engine\debug\renderwindow.obj
d:\university\temp projects\gameengine-dx11.1-version2\engine\debug\shadermanager.obj
d:\university\temp projects\gameengine-dx11.1-version2\engine\debug\positionalshadowshader.obj
d:\university\temp projects\gameengine-dx11.1-version2\engine\debug\softshadowshader.obj
d:\university\temp projects\gameengine-dx11.1-version2\engine\debug\system.obj
d:\university\temp projects\gameengine-dx11.1-version2\engine\debug\text.obj
d:\university\temp projects\gameengine-dx11.1-version2\engine\debug\texture.obj
d:\university\temp projects\gameengine-dx11.1-version2\engine\debug\textureshader.obj
d:\university\temp projects\gameengine-dx11.1-version2\engine\debug\timer.obj
d:\university\temp projects\gameengine-dx11.1-version2\engine\debug\verticalblurshader.obj
d:\university\temp projects\gameengine-dx11.1-version2\engine\debug\bumpmapshader.obj
d:\university\temp projects\gameengine-dx11.1-version2\engine\debug\bumpmodel.obj
d:\university\temp projects\gameengine-dx11.1-version2\engine\debug\camera.obj
d:\university\temp projects\gameengine-dx11.1-version2\engine\debug\depthshader.obj
d:\university\temp projects\gameengine-dx11.1-version2\engine\debug\directionalshadowshader.obj
d:\university\temp projects\gameengine-dx11.1-version2\engine\debug\directx11.obj
d:\university\temp projects\gameengine-dx11.1-version2\engine\debug\ddstextureloader.obj
d:\university\temp projects\gameengine-dx11.1-version2\engine\debug\font.obj
d:\university\temp projects\gameengine-dx11.1-version2\engine\debug\graphics.obj
d:\university\temp projects\gameengine-dx11.1-version2\debug\engine.ilk
d:\university\temp projects\gameengine-dx11.1-version2\debug\engine.exe
d:\university\temp projects\gameengine-dx11.1-version2\debug\engine.pdb
d:\university\temp projects\gameengine-dx11.1-version2\engine\debug\engine.tlog\cl.command.1.tlog
d:\university\temp projects\gameengine-dx11.1-version2\engine\debug\engine.tlog\cl.read.1.tlog
d:\university\temp projects\gameengine-dx11.1-version2\engine\debug\engine.tlog\cl.write.1.tlog
d:\university\temp projects\gameengine-dx11.1-version2\engine\debug\engine.tlog\link.command.1.tlog
d:\university\temp projects\gameengine-dx11.1-version2\engine\debug\engine.tlog\link.read.1.tlog
d:\university\temp projects\gameengine-dx11.1-version2\engine\debug\engine.tlog\link.write.1.tlog
